#
# A fatal error has been detected by the Java Runtime Environment:
#
#  EXCEPTION_ACCESS_VIOLATION (0xc0000005) at pc=0x00000000076d3344, pid=9104, tid=0x0000000000000884
#
# JRE version: OpenJDK Runtime Environment (8.0_112-b06) (build 1.8.0_112-release-b06)
# Java VM: OpenJDK 64-Bit Server VM (25.112-b06 mixed mode windows-amd64 compressed oops)
# Problematic frame:
# V  [jvm.dll+0x123344]
#
# Failed to write core dump. Minidumps are not enabled by default on client versions of Windows
#
# If you would like to submit a bug report, please visit:
#   http://bugreport.java.com/bugreport/crash.jsp
#

---------------  T H R E A D  ---------------

Current thread (0x000000000249f000):  JavaThread "main" [_thread_in_vm, id=2180, stack(0x00000000026f0000,0x00000000027f0000)]

siginfo: ExceptionCode=0xc0000005, reading address 0x0000001800000035

Registers:
RAX=0x0000000004a648b0, RBX=0x0000000002498690, RCX=0x00000000027eed60, RDX=0x0000001800000011
RSP=0x00000000027eecf0, RBP=0x00000000027eedf0, RSI=0x000000001ad41870, RDI=0x0000000000000000
R8 =0x0000000004a60770, R9 =0x0000000000000001, R10=0x0000000000000008, R11=0x0000000005c98e08
R12=0x000000000249e890, R13=0x000000000249f000, R14=0x000000000249f540, R15=0x00000000027eeeb8
RIP=0x00000000076d3344, EFLAGS=0x0000000000010293

Top of Stack: (sp=0x00000000027eecf0)
0x00000000027eecf0:   000000000249f000 0000000000000020
0x00000000027eed00:   0000000000000000 0000000079338d17
0x00000000027eed10:   0000000000000002 0000000000000020
0x00000000027eed20:   0000000000000001 000000001ad41870
0x00000000027eed30:   000000000249f000 000000000249f928
0x00000000027eed40:   00000000027eeee8 00000000000003d8
0x00000000027eed50:   000000000249f550 000000000249f1e0
0x00000000027eed60:   0000000005c12e80 00000000077a4c82
0x00000000027eed70:   000000000249f000 0000000000000000
0x00000000027eed80:   0000000000000020 00000000075ea836
0x00000000027eed90:   0000000004483da0 00000000077a4c82
0x00000000027eeda0:   0000000000000000 000000000249f960
0x00000000027eedb0:   0000000000000000 000000000249f1e0
0x00000000027eedc0:   000000000249c810 000000000779f085
0x00000000027eedd0:   000000000249f000 0000000004483da0
0x00000000027eede0:   0000000004483da0 0000000002490168 

Instructions: (pc=0x00000000076d3344)
0x00000000076d3324:   48 63 0b 8d 41 01 89 03 48 8b 43 18 48 89 34 c8
0x00000000076d3334:   eb 05 48 89 7c 24 40 48 8b 56 08 48 8d 4c 24 70
0x00000000076d3344:   0f b7 42 24 48 8b 52 08 48 8b 54 c2 50 e8 ba a5
0x00000000076d3354:   0e 00 4c 8d 1d ab 6c 49 00 48 8d 54 24 38 48 8d 


Register to memory mapping:

RAX=0x0000000004a648b0 is an unknown value
RBX=0x0000000002498690 is an unknown value
RCX=0x00000000027eed60 is pointing into the stack for thread: 0x000000000249f000
RDX=0x0000001800000011 is an unknown value
RSP=0x00000000027eecf0 is pointing into the stack for thread: 0x000000000249f000
RBP=0x00000000027eedf0 is pointing into the stack for thread: 0x000000000249f000
RSI=0x000000001ad41870 is pointing into metadata
RDI=0x0000000000000000 is an unknown value
R8 =0x0000000004a60770 is an unknown value
R9 =0x0000000000000001 is an unknown value
R10=0x0000000000000008 is an unknown value
R11=0x0000000005c98e08 is an unknown value
R12=0x000000000249e890 is an unknown value
R13=0x000000000249f000 is a thread
R14=0x000000000249f540 is an unknown value
R15=0x00000000027eeeb8 is pointing into the stack for thread: 0x000000000249f000


Stack: [0x00000000026f0000,0x00000000027f0000],  sp=0x00000000027eecf0,  free space=1019k
Native frames: (J=compiled Java code, j=interpreted, Vv=VM code, C=native code)
V  [jvm.dll+0x123344]
V  [jvm.dll+0x126b67]
C  [JniDemo3.dll+0x1509]  Java_com_mahao_jnidemo2_bean_MyNative_accessCachString+0x99
C  0x0000000007e07c94

Java frames: (J=compiled Java code, j=interpreted, Vv=VM code)
j  com.mahao.jnidemo2.bean.MyNative.accessCachString()Ljava/lang/String;+0
j  com.mahao.jnidemo2.MainActivity.main([Ljava/lang/String;)V+90
v  ~StubRoutines::call_stub
j  sun.reflect.NativeMethodAccessorImpl.invoke0(Ljava/lang/reflect/Method;Ljava/lang/Object;[Ljava/lang/Object;)Ljava/lang/Object;+0
j  sun.reflect.NativeMethodAccessorImpl.invoke(Ljava/lang/Object;[Ljava/lang/Object;)Ljava/lang/Object;+100
j  sun.reflect.DelegatingMethodAccessorImpl.invoke(Ljava/lang/Object;[Ljava/lang/Object;)Ljava/lang/Object;+6
j  java.lang.reflect.Method.invoke(Ljava/lang/Object;[Ljava/lang/Object;)Ljava/lang/Object;+56
j  com.intellij.rt.execution.application.AppMain.main([Ljava/lang/String;)V+170
v  ~StubRoutines::call_stub

---------------  P R O C E S S  ---------------

Java Threads: ( => current thread )
  0x0000000005c9a000 JavaThread "Monitor Ctrl-Break" daemon [_thread_in_native, id=11028, stack(0x000000005b4a0000,0x000000005b5a0000)]
  0x0000000005beb000 JavaThread "Service Thread" daemon [_thread_blocked, id=10908, stack(0x000000005b130000,0x000000005b230000)]
  0x0000000005b57000 JavaThread "C1 CompilerThread3" daemon [_thread_blocked, id=11048, stack(0x000000005af30000,0x000000005b030000)]
  0x0000000005b56800 JavaThread "C2 CompilerThread2" daemon [_thread_blocked, id=4920, stack(0x000000005ae20000,0x000000005af20000)]
  0x0000000005b4b000 JavaThread "C2 CompilerThread1" daemon [_thread_blocked, id=10496, stack(0x00000000073e0000,0x00000000074e0000)]
  0x0000000005b43000 JavaThread "C2 CompilerThread0" daemon [_thread_blocked, id=10976, stack(0x00000000071a0000,0x00000000072a0000)]
  0x0000000005b31000 JavaThread "Attach Listener" daemon [_thread_blocked, id=9220, stack(0x0000000007030000,0x0000000007130000)]
  0x0000000005b1a000 JavaThread "Signal Dispatcher" daemon [_thread_blocked, id=10724, stack(0x0000000006d30000,0x0000000006e30000)]
  0x0000000004a6e000 JavaThread "Finalizer" daemon [_thread_blocked, id=7204, stack(0x0000000006e70000,0x0000000006f70000)]
  0x0000000004a67000 JavaThread "Reference Handler" daemon [_thread_blocked, id=9384, stack(0x0000000006b90000,0x0000000006c90000)]
=>0x000000000249f000 JavaThread "main" [_thread_in_vm, id=2180, stack(0x00000000026f0000,0x00000000027f0000)]

Other Threads:
  0x0000000005ad1800 VMThread [stack: 0x0000000006a30000,0x0000000006b30000] [id=11152]
  0x0000000005bed000 WatcherThread [stack: 0x00000000072b0000,0x00000000073b0000] [id=11252]

VM state:not at safepoint (normal execution)

VM Mutex/Monitor currently owned by a thread: None

Heap:
 PSYoungGen      total 38400K, used 2662K [0x00000000d5d00000, 0x00000000d8780000, 0x0000000100000000)
  eden space 33280K, 8% used [0x00000000d5d00000,0x00000000d5f99a90,0x00000000d7d80000)
  from space 5120K, 0% used [0x00000000d8280000,0x00000000d8280000,0x00000000d8780000)
  to   space 5120K, 0% used [0x00000000d7d80000,0x00000000d7d80000,0x00000000d8280000)
 ParOldGen       total 87552K, used 0K [0x0000000081600000, 0x0000000086b80000, 0x00000000d5d00000)
  object space 87552K, 0% used [0x0000000081600000,0x0000000081600000,0x0000000086b80000)
 Metaspace       used 3140K, capacity 4500K, committed 4864K, reserved 1056768K
  class space    used 325K, capacity 388K, committed 512K, reserved 1048576K

Card table byte_map: [0x0000000002bb0000,0x0000000002fb0000] byte_map_base: 0x00000000027a5000

Marking Bits: (ParMarkBitMap*) 0x0000000007d718f0
 Begin Bits: [0x0000000016df0000, 0x0000000018d98000)
 End Bits:   [0x0000000018d98000, 0x000000001ad40000)

Polling page: 0x00000000005c0000

CodeCache: size=245760Kb used=1177Kb max_used=1177Kb free=244582Kb
 bounds [0x0000000007df0000, 0x0000000008060000, 0x0000000016df0000]
 total_blobs=314 nmethods=63 adapters=165
 compilation: enabled

Compilation events (10 events):
Event: 0.088 Thread 0x0000000005b57000   59       3       java.io.File::isInvalid (47 bytes)
Event: 0.088 Thread 0x0000000005b57000 nmethod 59 0x0000000007f14cd0 code [0x0000000007f14e40, 0x0000000007f15268]
Event: 0.088 Thread 0x0000000005b57000   61       1       java.nio.Buffer::position (5 bytes)
Event: 0.088 Thread 0x0000000005b57000 nmethod 61 0x0000000007f15350 code [0x0000000007f154a0, 0x0000000007f155b0]
Event: 0.088 Thread 0x0000000005b57000   60       1       java.net.URL::getHost (5 bytes)
Event: 0.088 Thread 0x0000000005b57000 nmethod 60 0x0000000007f15610 code [0x0000000007f15760, 0x0000000007f15870]
Event: 0.088 Thread 0x0000000005b57000   62       1       java.nio.Buffer::limit (5 bytes)
Event: 0.088 Thread 0x0000000005b57000 nmethod 62 0x0000000007f158d0 code [0x0000000007f15a20, 0x0000000007f15b30]
Event: 0.089 Thread 0x0000000005b57000   63       1       java.net.URL::getRef (5 bytes)
Event: 0.089 Thread 0x0000000005b57000 nmethod 63 0x0000000007f16390 code [0x0000000007f164e0, 0x0000000007f165f0]

GC Heap History (0 events):
No events

Deoptimization events (0 events):
No events

Internal exceptions (2 events):
Event: 0.024 Thread 0x000000000249f000 Exception <a 'java/lang/NoSuchMethodError': Method sun.misc.Unsafe.defineClass(Ljava/lang/String;[BII)Ljava/lang/Class; name or signature does not match> (0x00000000d5d07c78) thrown at [C:\src\android\AOSP-openjdk\external\jetbrains\jdk\hotspot\src\share\v)šGÅ6˜?
Event: 0.024 Thread 0x000000000249f000 Exception <a 'java/lang/NoSuchMethodError': Method sun.misc.Unsafe.prefetchRead(Ljava/lang/Object;J)V name or signature does not match> (0x00000000d5d07f60) thrown at [C:\src\android\AOSP-openjdk\external\jetbrains\jdk\hotspot\src\share\vm\prims\jni.cpp, l

Events (10 events):
Event: 0.088 loading class sun/util/calendar/Gregorian
Event: 0.088 loading class sun/util/calendar/BaseCalendar
Event: 0.088 loading class sun/util/calendar/AbstractCalendar
Event: 0.088 loading class sun/util/calendar/AbstractCalendar done
Event: 0.088 loading class sun/util/calendar/BaseCalendar done
Event: 0.088 loading class sun/util/calendar/Gregorian done
Event: 0.089 loading class sun/nio/cs/ext/EUC_CN
Event: 0.089 loading class sun/nio/cs/ext/EUC_CN done
Event: 0.089 loading class com/mahao/jnidemo2/bean/MyNative
Event: 0.089 loading class com/mahao/jnidemo2/bean/MyNative done


Dynamic libraries:
0x000000013f4f0000 - 0x000000013f521000 	H:\AndroidStudio_2\jre\bin\java.exe
0x0000000077450000 - 0x00000000775fa000 	C:\Windows\SYSTEM32\ntdll.dll
0x00000000771f0000 - 0x000000007730f000 	C:\Windows\system32\kernel32.dll
0x000007fefd240000 - 0x000007fefd2aa000 	C:\Windows\system32\KERNELBASE.dll
0x000007fefe340000 - 0x000007fefe41b000 	C:\Windows\system32\ADVAPI32.dll
0x000007fefe2a0000 - 0x000007fefe33f000 	C:\Windows\system32\msvcrt.dll
0x000007fefd5f0000 - 0x000007fefd60f000 	C:\Windows\SYSTEM32\sechost.dll
0x000007fefdfe0000 - 0x000007fefe10d000 	C:\Windows\system32\RPCRT4.dll
0x00000000770f0000 - 0x00000000771ea000 	C:\Windows\system32\USER32.dll
0x000007fefd370000 - 0x000007fefd3d7000 	C:\Windows\system32\GDI32.dll
0x000007fefdfd0000 - 0x000007fefdfde000 	C:\Windows\system32\LPK.dll
0x000007fefdbd0000 - 0x000007fefdc9b000 	C:\Windows\system32\USP10.dll
0x000007fefb560000 - 0x000007fefb754000 	C:\Windows\WinSxS\amd64_microsoft.windows.common-controls_6595b64144ccf1df_6.0.7601.18837_none_fa3b1e3d17594757\COMCTL32.dll
0x000007fefd570000 - 0x000007fefd5e1000 	C:\Windows\system32\SHLWAPI.dll
0x000007fefdba0000 - 0x000007fefdbce000 	C:\Windows\system32\IMM32.DLL
0x000007fefe110000 - 0x000007fefe219000 	C:\Windows\system32\MSCTF.dll
0x00000000792d0000 - 0x00000000793a2000 	H:\AndroidStudio_2\jre\jre\bin\msvcr100.dll
0x00000000075b0000 - 0x0000000007dec000 	H:\AndroidStudio_2\jre\jre\bin\server\jvm.dll
0x000007fefac90000 - 0x000007fefac99000 	C:\Windows\system32\WSOCK32.dll
0x000007fefe510000 - 0x000007fefe55d000 	C:\Windows\system32\WS2_32.dll
0x000007fefe600000 - 0x000007fefe608000 	C:\Windows\system32\NSI.dll
0x000007fefcf40000 - 0x000007fefcf7b000 	C:\Windows\system32\WINMM.dll
0x000007fefbfb0000 - 0x000007fefbfbc000 	C:\Windows\system32\VERSION.dll
0x0000000077610000 - 0x0000000077617000 	C:\Windows\system32\PSAPI.DLL
0x000007fefa5d0000 - 0x000007fefa5df000 	H:\AndroidStudio_2\jre\jre\bin\verify.dll
0x000007fefa5a0000 - 0x000007fefa5c9000 	H:\AndroidStudio_2\jre\jre\bin\java.dll
0x000007fefa310000 - 0x000007fefa326000 	H:\AndroidStudio_2\jre\jre\bin\zip.dll
0x000007fefe8b0000 - 0x000007feff63b000 	C:\Windows\system32\SHELL32.dll
0x000007fefe610000 - 0x000007fefe80c000 	C:\Windows\system32\ole32.dll
0x000007fefcf20000 - 0x000007fefcf2f000 	C:\Windows\system32\profapi.dll
0x000007fefa580000 - 0x000007fefa58f000 	H:\AndroidStudio_2\bin\breakgen64.dll
0x000007fefa2f0000 - 0x000007fefa30a000 	H:\AndroidStudio_2\jre\jre\bin\net.dll
0x000007fefc770000 - 0x000007fefc7c5000 	C:\Windows\system32\mswsock.dll
0x000007fefc760000 - 0x000007fefc767000 	C:\Windows\System32\wship6.dll
0x000007fefa570000 - 0x000007fefa578000 	H:\7month\JniDemo2\JniDemo3.dll
0x000007fefa3d0000 - 0x000007fefa3e6000 	C:\Windows\system32\VCRUNTIME140.dll
0x000007fefaca0000 - 0x000007fefaca4000 	C:\Windows\system32\api-ms-win-crt-runtime-l1-1-0.dll
0x000007fee5a90000 - 0x000007fee5b82000 	C:\Windows\system32\ucrtbase.DLL
0x000007fefa3c0000 - 0x000007fefa3c3000 	C:\Windows\system32\api-ms-win-core-timezone-l1-1-0.dll
0x000007fefa410000 - 0x000007fefa413000 	C:\Windows\system32\api-ms-win-core-file-l2-1-0.dll
0x000007fefa340000 - 0x000007fefa343000 	C:\Windows\system32\api-ms-win-core-localization-l1-2-0.dll
0x000007fef5f10000 - 0x000007fef5f13000 	C:\Windows\system32\api-ms-win-core-synch-l1-2-0.dll
0x000007fefa330000 - 0x000007fefa333000 	C:\Windows\system32\api-ms-win-core-processthreads-l1-1-1.dll
0x000007fef6930000 - 0x000007fef6933000 	C:\Windows\system32\api-ms-win-core-file-l1-2-0.dll
0x000007fef6e90000 - 0x000007fef6e94000 	C:\Windows\system32\api-ms-win-crt-string-l1-1-0.dll
0x000007feee040000 - 0x000007feee043000 	C:\Windows\system32\api-ms-win-crt-heap-l1-1-0.dll
0x000007feee1e0000 - 0x000007feee1e4000 	C:\Windows\system32\api-ms-win-crt-stdio-l1-1-0.dll
0x000007feeda60000 - 0x000007feeda64000 	C:\Windows\system32\api-ms-win-crt-convert-l1-1-0.dll
0x000007fef5de0000 - 0x000007fef5f05000 	C:\Windows\system32\dbghelp.dll

VM Arguments:
jvm_args: -Didea.launcher.port=7533 -Didea.launcher.bin.path=H:\AndroidStudio_2\bin -Dfile.encoding=UTF-8 
java_command: com.intellij.rt.execution.application.AppMain com.mahao.jnidemo2.MainActivity
java_class_path (initial): E:\Android_studio\sdk\platforms\android-25\android.jar;E:\Android_studio\sdk\platforms\android-25\data\res;H:\7month\JniDemo2\app\build\intermediates\classes\debug;C:\Users\Administrator\.android\build-cache\9c2f89ce4fcaace70781c0c97c158fba62d32772\output\jars\classes.jar;C:\Users\Administrator\.android\build-cache\9c2f89ce4fcaace70781c0c97c158fba62d32772\output\res;C:\Users\Administrator\.android\build-cache\ea65c71b14c1b3cad34a214ddf4fe5aa09a8e70f\output\jars\classes.jar;C:\Users\Administrator\.android\build-cache\ea65c71b14c1b3cad34a214ddf4fe5aa09a8e70f\output\res;C:\Users\Administrator\.android\build-cache\2282a01aefd788e845ee413237d0991766ed2426\output\jars\classes.jar;C:\Users\Administrator\.android\build-cache\2282a01aefd788e845ee413237d0991766ed2426\output\res;C:\Users\Administrator\.android\build-cache\393df2cf9c7c48a595ff9cf6b2b350af38d94af8\output\jars\classes.jar;C:\Users\Administrator\.android\build-cache\393df2cf9c7c48a595ff9cf6b2b350af38d94af8\output\res;C:\Users\Administrator\.android\build-cache\cce5af2cd5a3cc74b2997301a8e0d91837c1cab5\output\jars\classes.jar;C:\Users\Administrator\.android\build-cache\cce5af2cd5a3cc74b2997301a8e0d91837c1cab5\output\res;C:\Users\Administrator\.android\build-cache\103aff8469a0b92b923f642a20704c7dce46d3ba\output\jars\classes.jar;C:\Users\Administrator\.android\build-cache\103aff8469a0b92b923f642a20704c7dce46d3ba\output\res;C:\Users\Administrator\.android\build-cache\cc914b8f82442b249693a050a09a1e2a2c00256c\output\res;C:\Users\Administrator\.android\build-cache\cc914b8f82442b249693a050a09a1e2a2c00256c\output\jars\classes.jar;C:\Users\Administrator\.android\build-cache\64d56614ef5b0d1719cfb2ffeb9b4c1227cec672\output\jars\classes.jar;C:\Users\Administrator\.android\build-cache\64d56614ef5b0d1719cfb2ffeb9b4c1227cec672\output\res;E:\Android_studio\sdk\extras\m2repository\com\android\support\constraint\constraint-layout-solver\1.0.0\constraint-layout-solver-1.0.0.jar;C:\Users\Administrator\.andr
Launcher Type: SUN_STANDARD

Environment Variables:
JAVA_HOME=C:\Program Files\Java\jdk1.8.0_20
CLASSPATH=.;C:\Program Files\Java\jdk1.8.0_20\lib;C:\Program Files\Java\jdk1.8.0_20\lib\tools.jar
PATH=C:\ProgramData\Oracle\Java\javapath;C:\Program Files (x86)\Common Files\NetSarang;C:\Windows\system32;C:\Windows;C:\Windows\System32\Wbem;C:\Windows\System32\WindowsPowerShell\v1.0\;C:\Program Files\Java\jdk1.8.0_20\bin;C:\Program Files\Java\jdk1.8.0_20\jre\bin;C:\Program Files\TortoiseSVN\bin;E:\Android_studio\sdk\platform-tools;E:\Android_studio\sdk\tools;D:\bin;H:\7month\android-ndk-r13b;C:\Program Files\Microsoft SQL Server\130\Tools\Binn\
USERNAME=Administrator
OS=Windows_NT
PROCESSOR_IDENTIFIER=Intel64 Family 6 Model 60 Stepping 3, GenuineIntel



---------------  S Y S T E M  ---------------

OS: Windows 7 , 64 bit Build 7601 (6.1.7601.23807)

CPU:total 8 (4 cores per cpu, 2 threads per core) family 6 model 60 stepping 3, cmov, cx8, fxsr, mmx, sse, sse2, sse3, ssse3, sse4.1, sse4.2, popcnt, avx, avx2, aes, clmul, erms, lzcnt, ht, tsc, tscinvbit, bmi1, bmi2

Memory: 4k page, physical 8294552k(1102920k free), swap 16587244k(7875656k free)

vm_info: OpenJDK 64-Bit Server VM (25.112-b06) for windows-amd64 JRE (1.8.0_112-release-b06), built on Dec  8 2016 00:54:26 by "builder" with MS VC++ 10.0 (VS2010)

time: Tue Aug 15 12:05:57 2017
elapsed time: 0 seconds (0d 0h 0m 0s)

