#
# A fatal error has been detected by the Java Runtime Environment:
#
#  EXCEPTION_ACCESS_VIOLATION (0xc0000005) at pc=0x0000000064f33344, pid=10380, tid=0x0000000000001f20
#
# JRE version: OpenJDK Runtime Environment (8.0_112-b06) (build 1.8.0_112-release-b06)
# Java VM: OpenJDK 64-Bit Server VM (25.112-b06 mixed mode windows-amd64 compressed oops)
# Problematic frame:
# V  [jvm.dll+0x123344]
#
# Failed to write core dump. Minidumps are not enabled by default on client versions of Windows
#
# If you would like to submit a bug report, please visit:
#   http://bugreport.java.com/bugreport/crash.jsp
#

---------------  T H R E A D  ---------------

Current thread (0x000000000016f000):  JavaThread "main" [_thread_in_vm, id=7968, stack(0x0000000002670000,0x0000000002770000)]

siginfo: ExceptionCode=0xc0000005, reading address 0x0000001800000035

Registers:
RAX=0x0000000057b24860, RBX=0x0000000000168690, RCX=0x000000000276eb10, RDX=0x0000001800000011
RSP=0x000000000276eaa0, RBP=0x000000000276eba0, RSI=0x0000000017141870, RDI=0x0000000000000000
R8 =0x0000000057b20720, R9 =0x0000000000000001, R10=0x0000000000000008, R11=0x0000000058bc0de8
R12=0x000000000016e890, R13=0x000000000016f000, R14=0x000000000016f540, R15=0x000000000276ec68
RIP=0x0000000064f33344, EFLAGS=0x0000000000010293

Top of Stack: (sp=0x000000000276eaa0)
0x000000000276eaa0:   000000000016f000 0000000000000020
0x000000000276eab0:   0000000000000000 0000000078c78d17
0x000000000276eac0:   0000000000000002 0000000000000020
0x000000000276ead0:   0000000000000001 0000000017141870
0x000000000276eae0:   000000000016f000 000000000016f928
0x000000000276eaf0:   000000000276ec98 00000000000003d8
0x000000000276eb00:   000000000016f550 000000000016f1e0
0x000000000276eb10:   0000000058badc80 0000000065004c82
0x000000000276eb20:   000000000016f000 0000000000000000
0x000000000276eb30:   0000000000000020 0000000064e4a836
0x000000000276eb40:   0000000057543da0 0000000065004c82
0x000000000276eb50:   0000000000000000 000000000016f960
0x000000000276eb60:   0000000000000000 000000000016f1e0
0x000000000276eb70:   000000000016c810 0000000064fff085
0x000000000276eb80:   000000000016f000 0000000057543da0
0x000000000276eb90:   0000000057543da0 0000000000160168 

Instructions: (pc=0x0000000064f33344)
0x0000000064f33324:   48 63 0b 8d 41 01 89 03 48 8b 43 18 48 89 34 c8
0x0000000064f33334:   eb 05 48 89 7c 24 40 48 8b 56 08 48 8d 4c 24 70
0x0000000064f33344:   0f b7 42 24 48 8b 52 08 48 8b 54 c2 50 e8 ba a5
0x0000000064f33354:   0e 00 4c 8d 1d ab 6c 49 00 48 8d 54 24 38 48 8d 


Register to memory mapping:

RAX=0x0000000057b24860 is an unknown value
RBX=0x0000000000168690 is an unknown value
RCX=0x000000000276eb10 is pointing into the stack for thread: 0x000000000016f000
RDX=0x0000001800000011 is an unknown value
RSP=0x000000000276eaa0 is pointing into the stack for thread: 0x000000000016f000
RBP=0x000000000276eba0 is pointing into the stack for thread: 0x000000000016f000
RSI=0x0000000017141870 is pointing into metadata
RDI=0x0000000000000000 is an unknown value
R8 =0x0000000057b20720 is an unknown value
R9 =0x0000000000000001 is an unknown value
R10=0x0000000000000008 is an unknown value
R11=0x0000000058bc0de8 is an unknown value
R12=0x000000000016e890 is an unknown value
R13=0x000000000016f000 is a thread
R14=0x000000000016f540 is an unknown value
R15=0x000000000276ec68 is pointing into the stack for thread: 0x000000000016f000


Stack: [0x0000000002670000,0x0000000002770000],  sp=0x000000000276eaa0,  free space=1018k
Native frames: (J=compiled Java code, j=interpreted, Vv=VM code, C=native code)
V  [jvm.dll+0x123344]
V  [jvm.dll+0x126b67]
C  [JniDemo3.dll+0x1509]  Java_com_mahao_jnidemo2_bean_MyNative_accessCachString+0x99
C  0x0000000002787c94

Java frames: (J=compiled Java code, j=interpreted, Vv=VM code)
j  com.mahao.jnidemo2.bean.MyNative.accessCachString()Ljava/lang/String;+0
j  com.mahao.jnidemo2.MainActivity.main([Ljava/lang/String;)V+90
v  ~StubRoutines::call_stub
j  sun.reflect.NativeMethodAccessorImpl.invoke0(Ljava/lang/reflect/Method;Ljava/lang/Object;[Ljava/lang/Object;)Ljava/lang/Object;+0
j  sun.reflect.NativeMethodAccessorImpl.invoke(Ljava/lang/Object;[Ljava/lang/Object;)Ljava/lang/Object;+100
j  sun.reflect.DelegatingMethodAccessorImpl.invoke(Ljava/lang/Object;[Ljava/lang/Object;)Ljava/lang/Object;+6
j  java.lang.reflect.Method.invoke(Ljava/lang/Object;[Ljava/lang/Object;)Ljava/lang/Object;+56
j  com.intellij.rt.execution.application.AppMain.main([Ljava/lang/String;)V+170
v  ~StubRoutines::call_stub

---------------  P R O C E S S  ---------------

Java Threads: ( => current thread )
  0x0000000058c4d000 JavaThread "Monitor Ctrl-Break" daemon [_thread_in_native, id=7232, stack(0x000000005aad0000,0x000000005abd0000)]
  0x0000000058ba4800 JavaThread "Service Thread" daemon [_thread_blocked, id=10300, stack(0x000000005a870000,0x000000005a970000)]
  0x0000000058b08800 JavaThread "C1 CompilerThread3" daemon [_thread_blocked, id=7988, stack(0x000000005a760000,0x000000005a860000)]
  0x0000000058b08000 JavaThread "C2 CompilerThread2" daemon [_thread_blocked, id=11956, stack(0x000000005a5e0000,0x000000005a6e0000)]
  0x0000000058b01000 JavaThread "C2 CompilerThread1" daemon [_thread_blocked, id=8864, stack(0x000000005a3c0000,0x000000005a4c0000)]
  0x0000000058af4800 JavaThread "C2 CompilerThread0" daemon [_thread_blocked, id=4892, stack(0x000000005a230000,0x000000005a330000)]
  0x0000000058ae2800 JavaThread "Attach Listener" daemon [_thread_blocked, id=13204, stack(0x000000005a090000,0x000000005a190000)]
  0x0000000057b3f800 JavaThread "Signal Dispatcher" daemon [_thread_blocked, id=6336, stack(0x0000000059f60000,0x000000005a060000)]
  0x0000000057b2e000 JavaThread "Finalizer" daemon [_thread_blocked, id=3124, stack(0x0000000059e20000,0x0000000059f20000)]
  0x0000000057b27000 JavaThread "Reference Handler" daemon [_thread_blocked, id=12892, stack(0x0000000059c80000,0x0000000059d80000)]
=>0x000000000016f000 JavaThread "main" [_thread_in_vm, id=7968, stack(0x0000000002670000,0x0000000002770000)]

Other Threads:
  0x0000000058a81800 VMThread [stack: 0x0000000059af0000,0x0000000059bf0000] [id=11700]
  0x0000000058ba6800 WatcherThread [stack: 0x000000005a990000,0x000000005aa90000] [id=1160]

VM state:not at safepoint (normal execution)

VM Mutex/Monitor currently owned by a thread: None

Heap:
 PSYoungGen      total 38400K, used 2662K [0x00000000d5d00000, 0x00000000d8780000, 0x0000000100000000)
  eden space 33280K, 8% used [0x00000000d5d00000,0x00000000d5f99a90,0x00000000d7d80000)
  from space 5120K, 0% used [0x00000000d8280000,0x00000000d8280000,0x00000000d8780000)
  to   space 5120K, 0% used [0x00000000d7d80000,0x00000000d7d80000,0x00000000d8280000)
 ParOldGen       total 87552K, used 0K [0x0000000081600000, 0x0000000086b80000, 0x00000000d5d00000)
  object space 87552K, 0% used [0x0000000081600000,0x0000000081600000,0x0000000086b80000)
 Metaspace       used 3135K, capacity 4500K, committed 4864K, reserved 1056768K
  class space    used 325K, capacity 388K, committed 512K, reserved 1048576K

Card table byte_map: [0x0000000011b30000,0x0000000011f30000] byte_map_base: 0x0000000011725000

Marking Bits: (ParMarkBitMap*) 0x00000000655d18f0
 Begin Bits: [0x0000000012df0000, 0x0000000014d98000)
 End Bits:   [0x0000000014d98000, 0x0000000016d40000)

Polling page: 0x0000000000130000

CodeCache: size=245760Kb used=1162Kb max_used=1162Kb free=244597Kb
 bounds [0x0000000002770000, 0x00000000029e0000, 0x0000000011770000]
 total_blobs=310 nmethods=59 adapters=165
 compilation: enabled

Compilation events (10 events):
Event: 0.090 Thread 0x0000000058b08800   55       3       java.io.File::isInvalid (47 bytes)
Event: 0.091 Thread 0x0000000058b08800 nmethod 55 0x00000000028915d0 code [0x0000000002891740, 0x0000000002891b68]
Event: 0.091 Thread 0x0000000058b08800   57       1       java.nio.Buffer::position (5 bytes)
Event: 0.091 Thread 0x0000000058b08800 nmethod 57 0x0000000002891c50 code [0x0000000002891da0, 0x0000000002891eb0]
Event: 0.091 Thread 0x0000000058b08800   58       1       java.nio.Buffer::limit (5 bytes)
Event: 0.091 Thread 0x0000000058b08800 nmethod 58 0x0000000002892350 code [0x00000000028924a0, 0x00000000028925b0]
Event: 0.091 Thread 0x0000000058b08800   56       1       java.net.URL::getHost (5 bytes)
Event: 0.091 Thread 0x0000000058b08800 nmethod 56 0x0000000002892610 code [0x0000000002892760, 0x0000000002892870]
Event: 0.092 Thread 0x0000000058b08800   59       1       java.net.URL::getRef (5 bytes)
Event: 0.092 Thread 0x0000000058b08800 nmethod 59 0x0000000002892ad0 code [0x0000000002892c20, 0x0000000002892d30]

GC Heap History (0 events):
No events

Deoptimization events (0 events):
No events

Internal exceptions (2 events):
Event: 0.020 Thread 0x000000000016f000 Exception <a 'java/lang/NoSuchMethodError': Method sun.misc.Unsafe.defineClass(Ljava/lang/String;[BII)Ljava/lang/Class; name or signature does not match> (0x00000000d5d07c78) thrown at [C:\src\android\AOSP-openjdk\external\jetbrains\jdk\hotspot\src\share\v”¬¢UÂ”?
Event: 0.020 Thread 0x000000000016f000 Exception <a 'java/lang/NoSuchMethodError': Method sun.misc.Unsafe.prefetchRead(Ljava/lang/Object;J)V name or signature does not match> (0x00000000d5d07f60) thrown at [C:\src\android\AOSP-openjdk\external\jetbrains\jdk\hotspot\src\share\vm\prims\jni.cpp, l

Events (10 events):
Event: 0.091 loading class sun/util/calendar/AbstractCalendar
Event: 0.091 loading class sun/util/calendar/AbstractCalendar done
Event: 0.091 loading class sun/util/calendar/BaseCalendar done
Event: 0.091 loading class sun/util/calendar/Gregorian done
Event: 0.091 loading class java/net/Socket
Event: 0.091 loading class sun/nio/cs/ext/EUC_CN
Event: 0.091 loading class java/net/Socket done
Event: 0.091 loading class sun/nio/cs/ext/EUC_CN done
Event: 0.091 loading class com/mahao/jnidemo2/bean/MyNative
Event: 0.091 loading class com/mahao/jnidemo2/bean/MyNative done


Dynamic libraries:
0x000000013fba0000 - 0x000000013fbd1000 	H:\AndroidStudio_2\jre\bin\java.exe
0x0000000077120000 - 0x00000000772ca000 	C:\Windows\SYSTEM32\ntdll.dll
0x0000000076f00000 - 0x000000007701f000 	C:\Windows\system32\kernel32.dll
0x000007fefced0000 - 0x000007fefcf3a000 	C:\Windows\system32\KERNELBASE.dll
0x000007feff190000 - 0x000007feff26b000 	C:\Windows\system32\ADVAPI32.dll
0x000007fefe670000 - 0x000007fefe70f000 	C:\Windows\system32\msvcrt.dll
0x000007feff280000 - 0x000007feff29f000 	C:\Windows\SYSTEM32\sechost.dll
0x000007fefd130000 - 0x000007fefd25d000 	C:\Windows\system32\RPCRT4.dll
0x0000000077020000 - 0x000000007711a000 	C:\Windows\system32\USER32.dll
0x000007fefe710000 - 0x000007fefe777000 	C:\Windows\system32\GDI32.dll
0x000007feff270000 - 0x000007feff27e000 	C:\Windows\system32\LPK.dll
0x000007fefea10000 - 0x000007fefeadb000 	C:\Windows\system32\USP10.dll
0x000007fefb230000 - 0x000007fefb424000 	C:\Windows\WinSxS\amd64_microsoft.windows.common-controls_6595b64144ccf1df_6.0.7601.18837_none_fa3b1e3d17594757\COMCTL32.dll
0x000007fefe3f0000 - 0x000007fefe461000 	C:\Windows\system32\SHLWAPI.dll
0x000007feff160000 - 0x000007feff18e000 	C:\Windows\system32\IMM32.DLL
0x000007feff2a0000 - 0x000007feff3a9000 	C:\Windows\system32\MSCTF.dll
0x0000000078c10000 - 0x0000000078ce2000 	H:\AndroidStudio_2\jre\jre\bin\msvcr100.dll
0x0000000064e10000 - 0x000000006564c000 	H:\AndroidStudio_2\jre\jre\bin\server\jvm.dll
0x000007fee99a0000 - 0x000007fee99a9000 	C:\Windows\system32\WSOCK32.dll
0x000007fefee30000 - 0x000007fefee7d000 	C:\Windows\system32\WS2_32.dll
0x000007fefd040000 - 0x000007fefd048000 	C:\Windows\system32\NSI.dll
0x000007fefcf80000 - 0x000007fefcfbb000 	C:\Windows\system32\WINMM.dll
0x000007fefbc80000 - 0x000007fefbc8c000 	C:\Windows\system32\VERSION.dll
0x00000000772e0000 - 0x00000000772e7000 	C:\Windows\system32\PSAPI.DLL
0x000007fee9990000 - 0x000007fee999f000 	H:\AndroidStudio_2\jre\jre\bin\verify.dll
0x000007fee9790000 - 0x000007fee97b9000 	H:\AndroidStudio_2\jre\jre\bin\java.dll
0x000007fee9970000 - 0x000007fee9986000 	H:\AndroidStudio_2\jre\jre\bin\zip.dll
0x000007fefd660000 - 0x000007fefe3eb000 	C:\Windows\system32\SHELL32.dll
0x000007fefe470000 - 0x000007fefe66c000 	C:\Windows\system32\ole32.dll
0x000007fefcbf0000 - 0x000007fefcbff000 	C:\Windows\system32\profapi.dll
0x000007fefa970000 - 0x000007fefa97f000 	H:\AndroidStudio_2\bin\breakgen64.dll
0x000007fee9440000 - 0x000007fee945a000 	H:\AndroidStudio_2\jre\jre\bin\net.dll
0x000007fefc440000 - 0x000007fefc495000 	C:\Windows\system32\mswsock.dll
0x000007fefc430000 - 0x000007fefc437000 	C:\Windows\System32\wship6.dll
0x000007fefa960000 - 0x000007fefa968000 	H:\7month\JniDemo2\JniDemo3.dll
0x000007fefa200000 - 0x000007fefa216000 	C:\Windows\system32\VCRUNTIME140.dll
0x000007fefa950000 - 0x000007fefa954000 	C:\Windows\system32\api-ms-win-crt-runtime-l1-1-0.dll
0x000007fee65b0000 - 0x000007fee66a2000 	C:\Windows\system32\ucrtbase.DLL
0x000007fefa270000 - 0x000007fefa273000 	C:\Windows\system32\api-ms-win-core-timezone-l1-1-0.dll
0x000007fefa260000 - 0x000007fefa263000 	C:\Windows\system32\api-ms-win-core-file-l2-1-0.dll
0x000007fefa1f0000 - 0x000007fefa1f3000 	C:\Windows\system32\api-ms-win-core-localization-l1-2-0.dll
0x000007fef66d0000 - 0x000007fef66d3000 	C:\Windows\system32\api-ms-win-core-synch-l1-2-0.dll
0x000007fefa1e0000 - 0x000007fefa1e3000 	C:\Windows\system32\api-ms-win-core-processthreads-l1-1-1.dll
0x000007fefa1d0000 - 0x000007fefa1d3000 	C:\Windows\system32\api-ms-win-core-file-l1-2-0.dll
0x000007fef1230000 - 0x000007fef1234000 	C:\Windows\system32\api-ms-win-crt-string-l1-1-0.dll
0x000007feecd80000 - 0x000007feecd83000 	C:\Windows\system32\api-ms-win-crt-heap-l1-1-0.dll
0x000007feecd70000 - 0x000007feecd74000 	C:\Windows\system32\api-ms-win-crt-stdio-l1-1-0.dll
0x000007feecd60000 - 0x000007feecd64000 	C:\Windows\system32\api-ms-win-crt-convert-l1-1-0.dll
0x000007fef1070000 - 0x000007fef1195000 	C:\Windows\system32\dbghelp.dll

VM Arguments:
jvm_args: -Didea.launcher.port=7538 -Didea.launcher.bin.path=H:\AndroidStudio_2\bin -Dfile.encoding=UTF-8 
java_command: com.intellij.rt.execution.application.AppMain com.mahao.jnidemo2.MainActivity
java_class_path (initial): E:\Android_studio\sdk\platforms\android-25\android.jar;E:\Android_studio\sdk\platforms\android-25\data\res;H:\7month\JniDemo2\app\build\intermediates\classes\debug;C:\Users\Administrator\.android\build-cache\9c2f89ce4fcaace70781c0c97c158fba62d32772\output\jars\classes.jar;C:\Users\Administrator\.android\build-cache\9c2f89ce4fcaace70781c0c97c158fba62d32772\output\res;C:\Users\Administrator\.android\build-cache\ea65c71b14c1b3cad34a214ddf4fe5aa09a8e70f\output\jars\classes.jar;C:\Users\Administrator\.android\build-cache\ea65c71b14c1b3cad34a214ddf4fe5aa09a8e70f\output\res;C:\Users\Administrator\.android\build-cache\2282a01aefd788e845ee413237d0991766ed2426\output\jars\classes.jar;C:\Users\Administrator\.android\build-cache\2282a01aefd788e845ee413237d0991766ed2426\output\res;C:\Users\Administrator\.android\build-cache\393df2cf9c7c48a595ff9cf6b2b350af38d94af8\output\jars\classes.jar;C:\Users\Administrator\.android\build-cache\393df2cf9c7c48a595ff9cf6b2b350af38d94af8\output\res;C:\Users\Administrator\.android\build-cache\cce5af2cd5a3cc74b2997301a8e0d91837c1cab5\output\jars\classes.jar;C:\Users\Administrator\.android\build-cache\cce5af2cd5a3cc74b2997301a8e0d91837c1cab5\output\res;C:\Users\Administrator\.android\build-cache\103aff8469a0b92b923f642a20704c7dce46d3ba\output\jars\classes.jar;C:\Users\Administrator\.android\build-cache\103aff8469a0b92b923f642a20704c7dce46d3ba\output\res;C:\Users\Administrator\.android\build-cache\cc914b8f82442b249693a050a09a1e2a2c00256c\output\res;C:\Users\Administrator\.android\build-cache\cc914b8f82442b249693a050a09a1e2a2c00256c\output\jars\classes.jar;C:\Users\Administrator\.android\build-cache\64d56614ef5b0d1719cfb2ffeb9b4c1227cec672\output\jars\classes.jar;C:\Users\Administrator\.android\build-cache\64d56614ef5b0d1719cfb2ffeb9b4c1227cec672\output\res;E:\Android_studio\sdk\extras\m2repository\com\android\support\constraint\constraint-layout-solver\1.0.0\constraint-layout-solver-1.0.0.jar;C:\Users\Administrator\.andr
Launcher Type: SUN_STANDARD

Environment Variables:
JAVA_HOME=C:\Program Files\Java\jdk1.8.0_20
CLASSPATH=.;C:\Program Files\Java\jdk1.8.0_20\lib;C:\Program Files\Java\jdk1.8.0_20\lib\tools.jar
PATH=C:\ProgramData\Oracle\Java\javapath;C:\Program Files (x86)\Common Files\NetSarang;C:\Windows\system32;C:\Windows;C:\Windows\System32\Wbem;C:\Windows\System32\WindowsPowerShell\v1.0\;C:\Program Files\Java\jdk1.8.0_20\bin;C:\Program Files\Java\jdk1.8.0_20\jre\bin;C:\Program Files\TortoiseSVN\bin;E:\Android_studio\sdk\platform-tools;E:\Android_studio\sdk\tools;D:\bin;H:\7month\android-ndk-r13b;C:\Program Files\Microsoft SQL Server\130\Tools\Binn\
USERNAME=Administrator
OS=Windows_NT
PROCESSOR_IDENTIFIER=Intel64 Family 6 Model 60 Stepping 3, GenuineIntel



---------------  S Y S T E M  ---------------

OS: Windows 7 , 64 bit Build 7601 (6.1.7601.23807)

CPU:total 8 (4 cores per cpu, 2 threads per core) family 6 model 60 stepping 3, cmov, cx8, fxsr, mmx, sse, sse2, sse3, ssse3, sse4.1, sse4.2, popcnt, avx, avx2, aes, clmul, erms, lzcnt, ht, tsc, tscinvbit, bmi1, bmi2

Memory: 4k page, physical 8294552k(915352k free), swap 16587244k(7856092k free)

vm_info: OpenJDK 64-Bit Server VM (25.112-b06) for windows-amd64 JRE (1.8.0_112-release-b06), built on Dec  8 2016 00:54:26 by "builder" with MS VC++ 10.0 (VS2010)

time: Mon Aug 14 19:04:13 2017
elapsed time: 0 seconds (0d 0h 0m 0s)

